app/build/intermediates/manifest_merge_blame_file/release/manifest-merger-blame-release-report.txt
1<?xml version="1.0" encoding="utf-8"?>
2<manifest xmlns:android="http://schemas.android.com/apk/res/android"
3    package="xyz.appmaker.ramqhn"
4    android:versionCode="1"
5    android:versionName="1" >
6
7    <uses-sdk
8        android:minSdkVersion="19"
8-->src\main\AndroidManifest.xml
9        android:targetSdkVersion="29" />
9-->src\main\AndroidManifest.xml
10
11    <queries>
11-->[com.google.androidbrowserhelper:androidbrowserhelper:1.3.2] AndroidManifest.xml:26:5-34:15
12        <intent>
12-->[com.google.androidbrowserhelper:androidbrowserhelper:1.3.2] AndroidManifest.xml:27:9-33:18
13            <action android:name="android.intent.action.VIEW" />
13-->src\main\AndroidManifest.xml:64:17-68
13-->src\main\AndroidManifest.xml:64:25-66
14
15            <category android:name="android.intent.category.BROWSABLE" />
15-->src\main\AndroidManifest.xml:66:17-77
15-->src\main\AndroidManifest.xml:66:27-75
16
17            <data android:scheme="https" />
17-->src\main\AndroidManifest.xml:67:17-68:54
17-->src\main\AndroidManifest.xml:67:23-45
18        </intent>
19    </queries>
20
21    <application
21-->src\main\AndroidManifest.xml:6:5-100:19
22        android:allowBackup="true"
22-->src\main\AndroidManifest.xml:7:9-35
23        android:appComponentFactory="androidx.core.app.CoreComponentFactory"
23-->[androidx.core:core:1.1.0] AndroidManifest.xml:24:18-86
24        android:icon="@mipmap/ic_launcher"
24-->src\main\AndroidManifest.xml:8:9-43
25        android:label="@string/launcherName"
25-->src\main\AndroidManifest.xml:9:9-45
26        android:supportsRtl="true"
26-->src\main\AndroidManifest.xml:10:9-35
27        android:theme="@style/Theme.LauncherActivity" >
27-->src\main\AndroidManifest.xml:11:9-54
28        <meta-data
28-->src\main\AndroidManifest.xml:13:9-15:58
29            android:name="asset_statements"
29-->src\main\AndroidManifest.xml:14:13-44
30            android:resource="@string/assetStatements" />
30-->src\main\AndroidManifest.xml:15:13-55
31        <meta-data
31-->src\main\AndroidManifest.xml:18:13-20:58
32            android:name="web_manifest_url"
32-->src\main\AndroidManifest.xml:19:17-48
33            android:value="@string/webManifestUrl" />
33-->src\main\AndroidManifest.xml:20:17-55
34        <meta-data
34-->src\main\AndroidManifest.xml:23:9-25:52
35            android:name="twa_generator"
35-->src\main\AndroidManifest.xml:24:13-41
36            android:value="@string/generatorApp" />
36-->src\main\AndroidManifest.xml:25:13-49
37
38        <activity
38-->src\main\AndroidManifest.xml:27:9-70:20
39            android:name="com.google.androidbrowserhelper.trusted.LauncherActivity"
39-->src\main\AndroidManifest.xml:27:19-90
40            android:label="@string/launcherName" >
40-->src\main\AndroidManifest.xml:28:13-49
41            <meta-data
41-->src\main\AndroidManifest.xml:29:13-30:53
42                android:name="android.support.customtabs.trusted.DEFAULT_URL"
42-->src\main\AndroidManifest.xml:29:24-85
43                android:value="@string/launchUrl" />
43-->src\main\AndroidManifest.xml:30:17-50
44            <meta-data
44-->src\main\AndroidManifest.xml:32:13-34:58
45                android:name="android.support.customtabs.trusted.STATUS_BAR_COLOR"
45-->src\main\AndroidManifest.xml:33:17-83
46                android:resource="@color/colorPrimary" />
46-->src\main\AndroidManifest.xml:34:17-55
47            <meta-data
47-->src\main\AndroidManifest.xml:36:13-38:61
48                android:name="android.support.customtabs.trusted.NAVIGATION_BAR_COLOR"
48-->src\main\AndroidManifest.xml:37:17-87
49                android:resource="@color/navigationColor" />
49-->src\main\AndroidManifest.xml:38:17-58
50            <meta-data
50-->src\main\AndroidManifest.xml:40:13-41:54
51                android:name="android.support.customtabs.trusted.SPLASH_IMAGE_DRAWABLE"
51-->src\main\AndroidManifest.xml:40:24-95
52                android:resource="@drawable/splash" />
52-->src\main\AndroidManifest.xml:41:17-52
53            <meta-data
53-->src\main\AndroidManifest.xml:43:13-44:60
54                android:name="android.support.customtabs.trusted.SPLASH_SCREEN_BACKGROUND_COLOR"
54-->src\main\AndroidManifest.xml:43:24-104
55                android:resource="@color/backgroundColor" />
55-->src\main\AndroidManifest.xml:44:17-58
56            <meta-data
56-->src\main\AndroidManifest.xml:46:13-47:71
57                android:name="android.support.customtabs.trusted.SPLASH_SCREEN_FADE_OUT_DURATION"
57-->src\main\AndroidManifest.xml:46:24-105
58                android:value="@integer/splashScreenFadeOutDuration" />
58-->src\main\AndroidManifest.xml:47:17-69
59            <meta-data
59-->src\main\AndroidManifest.xml:49:13-50:60
60                android:name="android.support.customtabs.trusted.FILE_PROVIDER_AUTHORITY"
60-->src\main\AndroidManifest.xml:49:24-97
61                android:value="@string/providerAuthority" />
61-->src\main\AndroidManifest.xml:50:17-58
62            <meta-data
62-->src\main\AndroidManifest.xml:52:13-97
63                android:name="android.app.shortcuts"
63-->src\main\AndroidManifest.xml:52:24-60
64                android:resource="@xml/shortcuts" />
64-->src\main\AndroidManifest.xml:52:61-94
65            <meta-data
65-->src\main\AndroidManifest.xml:54:13-55:56
66                android:name="android.support.customtabs.trusted.FALLBACK_STRATEGY"
66-->src\main\AndroidManifest.xml:54:24-91
67                android:value="@string/fallbackType" />
67-->src\main\AndroidManifest.xml:55:17-53
68
69            <intent-filter>
69-->src\main\AndroidManifest.xml:58:13-61:29
70                <action android:name="android.intent.action.MAIN" />
70-->src\main\AndroidManifest.xml:59:17-69
70-->src\main\AndroidManifest.xml:59:25-66
71
72                <category android:name="android.intent.category.LAUNCHER" />
72-->src\main\AndroidManifest.xml:60:17-77
72-->src\main\AndroidManifest.xml:60:27-74
73            </intent-filter>
74            <intent-filter android:autoVerify="true" >
74-->src\main\AndroidManifest.xml:63:13-69:29
74-->src\main\AndroidManifest.xml:63:28-53
75                <action android:name="android.intent.action.VIEW" />
75-->src\main\AndroidManifest.xml:64:17-68
75-->src\main\AndroidManifest.xml:64:25-66
76
77                <category android:name="android.intent.category.DEFAULT" />
77-->src\main\AndroidManifest.xml:65:17-76
77-->src\main\AndroidManifest.xml:65:27-73
78                <category android:name="android.intent.category.BROWSABLE" />
78-->src\main\AndroidManifest.xml:66:17-77
78-->src\main\AndroidManifest.xml:66:27-75
79
80                <data
80-->src\main\AndroidManifest.xml:67:17-68:54
81                    android:host="@string/hostName"
81-->src\main\AndroidManifest.xml:68:21-52
82                    android:scheme="https" />
82-->src\main\AndroidManifest.xml:67:23-45
83            </intent-filter>
84        </activity>
85        <activity android:name="com.google.androidbrowserhelper.trusted.FocusActivity" />
85-->src\main\AndroidManifest.xml:72:9-90
85-->src\main\AndroidManifest.xml:72:19-87
86        <activity
86-->src\main\AndroidManifest.xml:74:9-75:62
87            android:name="com.google.androidbrowserhelper.trusted.WebViewFallbackActivity"
87-->src\main\AndroidManifest.xml:74:19-97
88            android:configChanges="orientation|screenSize" />
88-->src\main\AndroidManifest.xml:75:13-59
89
90        <provider
90-->src\main\AndroidManifest.xml:77:9-85:20
91            android:name="androidx.core.content.FileProvider"
91-->src\main\AndroidManifest.xml:78:13-62
92            android:authorities="@string/providerAuthority"
92-->src\main\AndroidManifest.xml:79:13-60
93            android:exported="false"
93-->src\main\AndroidManifest.xml:81:13-37
94            android:grantUriPermissions="true" >
94-->src\main\AndroidManifest.xml:80:13-47
95            <meta-data
95-->src\main\AndroidManifest.xml:82:13-84:53
96                android:name="android.support.FILE_PROVIDER_PATHS"
96-->src\main\AndroidManifest.xml:83:17-67
97                android:resource="@xml/filepaths" />
97-->src\main\AndroidManifest.xml:84:17-50
98        </provider>
99
100        <service
100-->src\main\AndroidManifest.xml:87:9-98:20
101            android:name="com.google.androidbrowserhelper.trusted.DelegationService"
101-->src\main\AndroidManifest.xml:88:13-85
102            android:enabled="@bool/enableNotification"
102-->src\main\AndroidManifest.xml:89:13-55
103            android:exported="@bool/enableNotification" >
103-->src\main\AndroidManifest.xml:90:13-56
104            <intent-filter>
104-->src\main\AndroidManifest.xml:94:13-97:29
105                <action android:name="android.support.customtabs.trusted.TRUSTED_WEB_ACTIVITY_SERVICE" />
105-->src\main\AndroidManifest.xml:95:17-105
105-->src\main\AndroidManifest.xml:95:25-103
106
107                <category android:name="android.intent.category.DEFAULT" />
107-->src\main\AndroidManifest.xml:65:17-76
107-->src\main\AndroidManifest.xml:65:27-73
108            </intent-filter>
109        </service>
110    </application>
111
112</manifest>